-------------------------------------------------------------------------------
Test set: com.example.demo.SpringBootSecurityApplicationTests
-------------------------------------------------------------------------------
Tests run: 1, Failures: 0, Errors: 1, Skipped: 0, Time elapsed: 0.428 s <<< FAILURE! - in com.example.demo.SpringBootSecurityApplicationTests
initializationError(com.example.demo.SpringBootSecurityApplicationTests)  Time elapsed: 0.001 s  <<< ERROR!
java.lang.IllegalStateException: Unable to find a @SpringBootConfiguration, you need to use @ContextConfiguration or @SpringBootTest(classes=...) with your test

