<?xml version="1.0" encoding="UTF-8"?>
<testsuite xmlns:xsi="http://www.w3.org/2001/XMLSchema-instance" xsi:noNamespaceSchemaLocation="https://maven.apache.org/surefire/maven-surefire-plugin/xsd/surefire-test-report.xsd" name="com.example.demo.SpringBootSecurityApplicationTests" time="0.428" tests="1" errors="1" skipped="0" failures="0">
  <properties>
[...]
</properties>
  <testcase name="initializationError" classname="com.example.demo.SpringBootSecurityApplicationTests" time="0.001">
    <error message="Unable to find a @SpringBootConfiguration, you need to use @ContextConfiguration or @SpringBootTest(classes=...) with your test" type="java.lang.IllegalStateException">java.lang.IllegalStateException: Unable to find a @SpringBootConfiguration, you need to use @ContextConfiguration or @SpringBootTest(classes=...) with your test
</error>
    <system-out><![CDATA[11:27:55.102 [main] DEBUG org.springframework.test.context.junit4.SpringJUnit4ClassRunner - SpringJUnit4ClassRunner constructor called with [class com.example.demo.SpringBootSecurityApplicationTests]
11:27:55.109 [main] DEBUG org.springframework.test.context.BootstrapUtils - Instantiating CacheAwareContextLoaderDelegate from class [org.springframework.test.context.cache.DefaultCacheAwareContextLoaderDelegate]
11:27:55.119 [main] DEBUG org.springframework.test.context.BootstrapUtils - Instantiating BootstrapContext using constructor [public org.springframework.test.context.support.DefaultBootstrapContext(java.lang.Class,org.springframework.test.context.CacheAwareContextLoaderDelegate)]
11:27:55.140 [main] DEBUG org.springframework.test.context.BootstrapUtils - Instantiating TestContextBootstrapper for test class [com.example.demo.SpringBootSecurityApplicationTests] from class [org.springframework.boot.test.context.SpringBootTestContextBootstrapper]
11:27:55.159 [main] INFO org.springframework.boot.test.context.SpringBootTestContextBootstrapper - Neither @ContextConfiguration nor @ContextHierarchy found for test class [com.example.demo.SpringBootSecurityApplicationTests], using SpringBootContextLoader
11:27:55.163 [main] DEBUG org.springframework.test.context.support.AbstractContextLoader - Did not detect default resource location for test class [com.example.demo.SpringBootSecurityApplicationTests]: class path resource [com/example/demo/SpringBootSecurityApplicationTests-context.xml] does not exist
11:27:55.164 [main] DEBUG org.springframework.test.context.support.AbstractContextLoader - Did not detect default resource location for test class [com.example.demo.SpringBootSecurityApplicationTests]: class path resource [com/example/demo/SpringBootSecurityApplicationTestsContext.groovy] does not exist
11:27:55.164 [main] INFO org.springframework.test.context.support.AbstractContextLoader - Could not detect default resource locations for test class [com.example.demo.SpringBootSecurityApplicationTests]: no resource found for suffixes {-context.xml, Context.groovy}.
11:27:55.165 [main] INFO org.springframework.test.context.support.AnnotationConfigContextLoaderUtils - Could not detect default configuration classes for test class [com.example.demo.SpringBootSecurityApplicationTests]: SpringBootSecurityApplicationTests does not declare any static, non-private, non-final, nested classes annotated with @Configuration.
11:27:55.210 [main] DEBUG org.springframework.test.context.support.ActiveProfilesUtils - Could not find an 'annotation declaring class' for annotation type [org.springframework.test.context.ActiveProfiles] and class [com.example.demo.SpringBootSecurityApplicationTests]
11:27:55.221 [main] DEBUG org.springframework.core.env.StandardEnvironment - Adding PropertySource 'systemProperties' with lowest search precedence
11:27:55.221 [main] DEBUG org.springframework.core.env.StandardEnvironment - Adding PropertySource 'systemEnvironment' with lowest search precedence
11:27:55.222 [main] DEBUG org.springframework.core.env.StandardEnvironment - Initialized StandardEnvironment with PropertySources [MapPropertySource@1601292138 {name='systemProperties', properties={java.runtime.name=Java(TM) SE Runtime Environment, sun.boot.library.path=/Library/Java/JavaVirtualMachines/jdk1.8.0_171.jdk/Contents/Home/jre/lib, java.vm.version=25.171-b11, gopherProxySet=false, java.vm.vendor=Oracle Corporation, java.vendor.url=http://java.oracle.com/, path.separator=:, java.vm.name=Java HotSpot(TM) 64-Bit Server VM, file.encoding.pkg=sun.io, user.country=IN, sun.java.launcher=SUN_STANDARD, sun.os.patch.level=unknown, java.vm.specification.name=Java Virtual Machine Specification, user.dir=/Users/jagabandhu.das/Desktop/MyDriveData/WorkArea/STSWorkspace/SpringBootSecurity, java.runtime.version=1.8.0_171-b11, basedir=/Users/jagabandhu.das/Desktop/MyDriveData/WorkArea/STSWorkspace/SpringBootSecurity, java.awt.graphicsenv=sun.awt.CGraphicsEnvironment, java.endorsed.dirs=/Library/Java/JavaVirtualMachines/jdk1.8.0_171.jdk/Contents/Home/jre/lib/endorsed, os.arch=x86_64, surefire.real.class.path=/Users/jagabandhu.das/Desktop/MyDriveData/WorkArea/STSWorkspace/SpringBootSecurity/target/surefire/surefirebooter6681242271421511241.jar, java.io.tmpdir=/var/folders/4m/lsy7dr2n3t7b0pkxhl5__4p8kkg7rx/T/, line.separator=
, java.vm.specification.vendor=Oracle Corporation, os.name=Mac OS X, sun.jnu.encoding=UTF-8, java.library.path=/Users/jagabandhu.das/Library/Java/Extensions:/Library/Java/Extensions:/Network/Library/Java/Extensions:/System/Library/Java/Extensions:/usr/lib/java:., surefire.test.class.path=/Users/jagabandhu.das/Desktop/MyDriveData/WorkArea/STSWorkspace/SpringBootSecurity/target/test-classes:/Users/jagabandhu.das/Desktop/MyDriveData/WorkArea/STSWorkspace/SpringBootSecurity/target/classes:/Users/jagabandhu.das/Desktop/MyDriveData/WorkArea/Maven/repository/org/springframework/boot/spring-boot-starter-data-jpa/2.0.3.RELEASE/spring-boot-starter-data-jpa-2.0.3.RELEASE.jar:/Users/jagabandhu.das/Desktop/MyDriveData/WorkArea/Maven/repository/org/springframework/boot/spring-boot-starter/2.0.3.RELEASE/spring-boot-starter-2.0.3.RELEASE.jar:/Users/jagabandhu.das/Desktop/MyDriveData/WorkArea/Maven/repository/org/springframework/boot/spring-boot/2.0.3.RELEASE/spring-boot-2.0.3.RELEASE.jar:/Users/jagabandhu.das/Desktop/MyDriveData/WorkArea/Maven/repository/org/springframework/boot/spring-boot-autoconfigure/2.0.3.RELEASE/spring-boot-autoconfigure-2.0.3.RELEASE.jar:/Users/jagabandhu.das/Desktop/MyDriveData/WorkArea/Maven/repository/org/springframework/boot/spring-boot-starter-logging/2.0.3.RELEASE/spring-boot-starter-logging-2.0.3.RELEASE.jar:/Users/jagabandhu.das/Desktop/MyDriveData/WorkArea/Maven/repository/ch/qos/logback/logback-classic/1.2.3/logback-classic-1.2.3.jar:/Users/jagabandhu.das/Desktop/MyDriveData/WorkArea/Maven/repository/ch/qos/logback/logback-core/1.2.3/logback-core-1.2.3.jar:/Users/jagabandhu.das/Desktop/MyDriveData/WorkArea/Maven/repository/org/apache/logging/log4j/log4j-to-slf4j/2.10.0/log4j-to-slf4j-2.10.0.jar:/Users/jagabandhu.das/Desktop/MyDriveData/WorkArea/Maven/repository/org/apache/logging/log4j/log4j-api/2.10.0/log4j-api-2.10.0.jar:/Users/jagabandhu.das/Desktop/MyDriveData/WorkArea/Maven/repository/org/slf4j/jul-to-slf4j/1.7.25/jul-to-slf4j-1.7.25.jar:/Users/jagabandhu.das/Desktop/MyDriveData/WorkArea/Maven/repository/javax/annotation/javax.annotation-api/1.3.2/javax.annotation-api-1.3.2.jar:/Users/jagabandhu.das/Desktop/MyDriveData/WorkArea/Maven/repository/org/yaml/snakeyaml/1.19/snakeyaml-1.19.jar:/Users/jagabandhu.das/Desktop/MyDriveData/WorkArea/Maven/repository/org/springframework/boot/spring-boot-starter-aop/2.0.3.RELEASE/spring-boot-starter-aop-2.0.3.RELEASE.jar:/Users/jagabandhu.das/Desktop/MyDriveData/WorkArea/Maven/repository/org/aspectj/aspectjweaver/1.8.13/aspectjweaver-1.8.13.jar:/Users/jagabandhu.das/Desktop/MyDriveData/WorkArea/Maven/repository/org/springframework/boot/spring-boot-starter-jdbc/2.0.3.RELEASE/spring-boot-starter-jdbc-2.0.3.RELEASE.jar:/Users/jagabandhu.das/Desktop/MyDriveData/WorkArea/Maven/repository/com/zaxxer/HikariCP/2.7.9/HikariCP-2.7.9.jar:/Users/jagabandhu.das/Desktop/MyDriveData/WorkArea/Maven/repository/org/springframework/spring-jdbc/5.0.7.RELEASE/spring-jdbc-5.0.7.RELEASE.jar:/Users/jagabandhu.das/Desktop/MyDriveData/WorkArea/Maven/repository/org/hibernate/hibernate-core/5.2.17.Final/hibernate-core-5.2.17.Final.jar:/Users/jagabandhu.das/Desktop/MyDriveData/WorkArea/Maven/repository/org/jboss/logging/jboss-logging/3.3.2.Final/jboss-logging-3.3.2.Final.jar:/Users/jagabandhu.das/Desktop/MyDriveData/WorkArea/Maven/repository/org/hibernate/javax/persistence/hibernate-jpa-2.1-api/1.0.2.Final/hibernate-jpa-2.1-api-1.0.2.Final.jar:/Users/jagabandhu.das/Desktop/MyDriveData/WorkArea/Maven/repository/org/javassist/javassist/3.22.0-GA/javassist-3.22.0-GA.jar:/Users/jagabandhu.das/Desktop/MyDriveData/WorkArea/Maven/repository/antlr/antlr/2.7.7/antlr-2.7.7.jar:/Users/jagabandhu.das/Desktop/MyDriveData/WorkArea/Maven/repository/org/jboss/jandex/2.0.3.Final/jandex-2.0.3.Final.jar:/Users/jagabandhu.das/Desktop/MyDriveData/WorkArea/Maven/repository/com/fasterxml/classmate/1.3.4/classmate-1.3.4.jar:/Users/jagabandhu.das/Desktop/MyDriveData/WorkArea/Maven/repository/dom4j/dom4j/1.6.1/dom4j-1.6.1.jar:/Users/jagabandhu.das/Desktop/MyDriveData/WorkArea/Maven/repository/org/hibernate/common/hibernate-commons-annotations/5.0.1.Final/hibernate-commons-annotations-5.0.1.Final.jar:/Users/jagabandhu.das/Desktop/MyDriveData/WorkArea/Maven/repository/javax/transaction/javax.transaction-api/1.2/javax.transaction-api-1.2.jar:/Users/jagabandhu.das/Desktop/MyDriveData/WorkArea/Maven/repository/org/springframework/data/spring-data-jpa/2.0.8.RELEASE/spring-data-jpa-2.0.8.RELEASE.jar:/Users/jagabandhu.das/Desktop/MyDriveData/WorkArea/Maven/repository/org/springframework/data/spring-data-commons/2.0.8.RELEASE/spring-data-commons-2.0.8.RELEASE.jar:/Users/jagabandhu.das/Desktop/MyDriveData/WorkArea/Maven/repository/org/springframework/spring-orm/5.0.7.RELEASE/spring-orm-5.0.7.RELEASE.jar:/Users/jagabandhu.das/Desktop/MyDriveData/WorkArea/Maven/repository/org/springframework/spring-tx/5.0.7.RELEASE/spring-tx-5.0.7.RELEASE.jar:/Users/jagabandhu.das/Desktop/MyDriveData/WorkArea/Maven/repository/org/slf4j/slf4j-api/1.7.25/slf4j-api-1.7.25.jar:/Users/jagabandhu.das/Desktop/MyDriveData/WorkArea/Maven/repository/org/springframework/spring-aspects/5.0.7.RELEASE/spring-aspects-5.0.7.RELEASE.jar:/Users/jagabandhu.das/Desktop/MyDriveData/WorkArea/Maven/repository/org/springframework/boot/spring-boot-starter-security/2.0.3.RELEASE/spring-boot-starter-security-2.0.3.RELEASE.jar:/Users/jagabandhu.das/Desktop/MyDriveData/WorkArea/Maven/repository/org/springframework/spring-aop/5.0.7.RELEASE/spring-aop-5.0.7.RELEASE.jar:/Users/jagabandhu.das/Desktop/MyDriveData/WorkArea/Maven/repository/org/springframework/security/spring-security-config/5.0.6.RELEASE/spring-security-config-5.0.6.RELEASE.jar:/Users/jagabandhu.das/Desktop/MyDriveData/WorkArea/Maven/repository/org/springframework/security/spring-security-web/5.0.6.RELEASE/spring-security-web-5.0.6.RELEASE.jar:/Users/jagabandhu.das/Desktop/MyDriveData/WorkArea/Maven/repository/org/springframework/spring-expression/5.0.7.RELEASE/spring-expression-5.0.7.RELEASE.jar:/Users/jagabandhu.das/Desktop/MyDriveData/WorkArea/Maven/repository/org/springframework/boot/spring-boot-starter-web/2.0.3.RELEASE/spring-boot-starter-web-2.0.3.RELEASE.jar:/Users/jagabandhu.das/Desktop/MyDriveData/WorkArea/Maven/repository/org/springframework/boot/spring-boot-starter-json/2.0.3.RELEASE/spring-boot-starter-json-2.0.3.RELEASE.jar:/Users/jagabandhu.das/Desktop/MyDriveData/WorkArea/Maven/repository/com/fasterxml/jackson/core/jackson-databind/2.9.6/jackson-databind-2.9.6.jar:/Users/jagabandhu.das/Desktop/MyDriveData/WorkArea/Maven/repository/com/fasterxml/jackson/core/jackson-core/2.9.6/jackson-core-2.9.6.jar:/Users/jagabandhu.das/Desktop/MyDriveData/WorkArea/Maven/repository/com/fasterxml/jackson/datatype/jackson-datatype-jdk8/2.9.6/jackson-datatype-jdk8-2.9.6.jar:/Users/jagabandhu.das/Desktop/MyDriveData/WorkArea/Maven/repository/com/fasterxml/jackson/datatype/jackson-datatype-jsr310/2.9.6/jackson-datatype-jsr310-2.9.6.jar:/Users/jagabandhu.das/Desktop/MyDriveData/WorkArea/Maven/repository/com/fasterxml/jackson/module/jackson-module-parameter-names/2.9.6/jackson-module-parameter-names-2.9.6.jar:/Users/jagabandhu.das/Desktop/MyDriveData/WorkArea/Maven/repository/org/springframework/boot/spring-boot-starter-tomcat/2.0.3.RELEASE/spring-boot-starter-tomcat-2.0.3.RELEASE.jar:/Users/jagabandhu.das/Desktop/MyDriveData/WorkArea/Maven/repository/org/apache/tomcat/embed/tomcat-embed-core/8.5.31/tomcat-embed-core-8.5.31.jar:/Users/jagabandhu.das/Desktop/MyDriveData/WorkArea/Maven/repository/org/apache/tomcat/embed/tomcat-embed-el/8.5.31/tomcat-embed-el-8.5.31.jar:/Users/jagabandhu.das/Desktop/MyDriveData/WorkArea/Maven/repository/org/apache/tomcat/embed/tomcat-embed-websocket/8.5.31/tomcat-embed-websocket-8.5.31.jar:/Users/jagabandhu.das/Desktop/MyDriveData/WorkArea/Maven/repository/org/hibernate/validator/hibernate-validator/6.0.10.Final/hibernate-validator-6.0.10.Final.jar:/Users/jagabandhu.das/Desktop/MyDriveData/WorkArea/Maven/repository/javax/validation/validation-api/2.0.1.Final/validation-api-2.0.1.Final.jar:/Users/jagabandhu.das/Desktop/MyDriveData/WorkArea/Maven/repository/org/springframework/spring-web/5.0.7.RELEASE/spring-web-5.0.7.RELEASE.jar:/Users/jagabandhu.das/Desktop/MyDriveData/WorkArea/Maven/repository/org/springframework/spring-webmvc/5.0.7.RELEASE/spring-webmvc-5.0.7.RELEASE.jar:/Users/jagabandhu.das/Desktop/MyDriveData/WorkArea/Maven/repository/mysql/mysql-connector-java/5.1.46/mysql-connector-java-5.1.46.jar:/Users/jagabandhu.das/Desktop/MyDriveData/WorkArea/Maven/repository/org/springframework/boot/spring-boot-starter-test/2.0.3.RELEASE/spring-boot-starter-test-2.0.3.RELEASE.jar:/Users/jagabandhu.das/Desktop/MyDriveData/WorkArea/Maven/repository/org/springframework/boot/spring-boot-test/2.0.3.RELEASE/spring-boot-test-2.0.3.RELEASE.jar:/Users/jagabandhu.das/Desktop/MyDriveData/WorkArea/Maven/repository/org/springframework/boot/spring-boot-test-autoconfigure/2.0.3.RELEASE/spring-boot-test-autoconfigure-2.0.3.RELEASE.jar:/Users/jagabandhu.das/Desktop/MyDriveData/WorkArea/Maven/repository/com/jayway/jsonpath/json-path/2.4.0/json-path-2.4.0.jar:/Users/jagabandhu.das/Desktop/MyDriveData/WorkArea/Maven/repository/net/minidev/json-smart/2.3/json-smart-2.3.jar:/Users/jagabandhu.das/Desktop/MyDriveData/WorkArea/Maven/repository/net/minidev/accessors-smart/1.2/accessors-smart-1.2.jar:/Users/jagabandhu.das/Desktop/MyDriveData/WorkArea/Maven/repository/org/ow2/asm/asm/5.0.4/asm-5.0.4.jar:/Users/jagabandhu.das/Desktop/MyDriveData/WorkArea/Maven/repository/junit/junit/4.12/junit-4.12.jar:/Users/jagabandhu.das/Desktop/MyDriveData/WorkArea/Maven/repository/org/assertj/assertj-core/3.9.1/assertj-core-3.9.1.jar:/Users/jagabandhu.das/Desktop/MyDriveData/WorkArea/Maven/repository/org/mockito/mockito-core/2.15.0/mockito-core-2.15.0.jar:/Users/jagabandhu.das/Desktop/MyDriveData/WorkArea/Maven/repository/net/bytebuddy/byte-buddy/1.7.11/byte-buddy-1.7.11.jar:/Users/jagabandhu.das/Desktop/MyDriveData/WorkArea/Maven/repository/net/bytebuddy/byte-buddy-agent/1.7.11/byte-buddy-agent-1.7.11.jar:/Users/jagabandhu.das/Desktop/MyDriveData/WorkArea/Maven/repository/org/objenesis/objenesis/2.6/objenesis-2.6.jar:/Users/jagabandhu.das/Desktop/MyDriveData/WorkArea/Maven/repository/org/hamcrest/hamcrest-core/1.3/hamcrest-core-1.3.jar:/Users/jagabandhu.das/Desktop/MyDriveData/WorkArea/Maven/repository/org/hamcrest/hamcrest-library/1.3/hamcrest-library-1.3.jar:/Users/jagabandhu.das/Desktop/MyDriveData/WorkArea/Maven/repository/org/skyscreamer/jsonassert/1.5.0/jsonassert-1.5.0.jar:/Users/jagabandhu.das/Desktop/MyDriveData/WorkArea/Maven/repository/com/vaadin/external/google/android-json/0.0.20131108.vaadin1/android-json-0.0.20131108.vaadin1.jar:/Users/jagabandhu.das/Desktop/MyDriveData/WorkArea/Maven/repository/org/springframework/spring-core/5.0.7.RELEASE/spring-core-5.0.7.RELEASE.jar:/Users/jagabandhu.das/Desktop/MyDriveData/WorkArea/Maven/repository/org/springframework/spring-jcl/5.0.7.RELEASE/spring-jcl-5.0.7.RELEASE.jar:/Users/jagabandhu.das/Desktop/MyDriveData/WorkArea/Maven/repository/org/springframework/spring-test/5.0.7.RELEASE/spring-test-5.0.7.RELEASE.jar:/Users/jagabandhu.das/Desktop/MyDriveData/WorkArea/Maven/repository/org/xmlunit/xmlunit-core/2.5.1/xmlunit-core-2.5.1.jar:/Users/jagabandhu.das/Desktop/MyDriveData/WorkArea/Maven/repository/org/springframework/security/spring-security-test/5.0.6.RELEASE/spring-security-test-5.0.6.RELEASE.jar:/Users/jagabandhu.das/Desktop/MyDriveData/WorkArea/Maven/repository/org/springframework/security/spring-security-core/5.0.6.RELEASE/spring-security-core-5.0.6.RELEASE.jar:/Users/jagabandhu.das/Desktop/MyDriveData/WorkArea/Maven/repository/com/fasterxml/jackson/core/jackson-annotations/2.9.4/jackson-annotations-2.9.4.jar:/Users/jagabandhu.das/Desktop/MyDriveData/WorkArea/Maven/repository/org/springframework/security/oauth/spring-security-oauth2/2.3.2.RELEASE/spring-security-oauth2-2.3.2.RELEASE.jar:/Users/jagabandhu.das/Desktop/MyDriveData/WorkArea/Maven/repository/org/springframework/spring-beans/5.0.7.RELEASE/spring-beans-5.0.7.RELEASE.jar:/Users/jagabandhu.das/Desktop/MyDriveData/WorkArea/Maven/repository/org/springframework/spring-context/5.0.7.RELEASE/spring-context-5.0.7.RELEASE.jar:/Users/jagabandhu.das/Desktop/MyDriveData/WorkArea/Maven/repository/commons-codec/commons-codec/1.11/commons-codec-1.11.jar:/Users/jagabandhu.das/Desktop/MyDriveData/WorkArea/Maven/repository/org/codehaus/jackson/jackson-mapper-asl/1.9.13/jackson-mapper-asl-1.9.13.jar:/Users/jagabandhu.das/Desktop/MyDriveData/WorkArea/Maven/repository/org/codehaus/jackson/jackson-core-asl/1.9.13/jackson-core-asl-1.9.13.jar:, java.specification.name=Java Platform API Specification, java.class.version=52.0, sun.management.compiler=HotSpot 64-Bit Tiered Compilers, os.version=10.13.5, user.home=/Users/jagabandhu.das, user.timezone=Asia/Kolkata, java.awt.printerjob=sun.lwawt.macosx.CPrinterJob, file.encoding=UTF-8, java.specification.version=1.8, java.class.path=/Users/jagabandhu.das/Desktop/MyDriveData/WorkArea/STSWorkspace/SpringBootSecurity/target/test-classes:/Users/jagabandhu.das/Desktop/MyDriveData/WorkArea/STSWorkspace/SpringBootSecurity/target/classes:/Users/jagabandhu.das/Desktop/MyDriveData/WorkArea/Maven/repository/org/springframework/boot/spring-boot-starter-data-jpa/2.0.3.RELEASE/spring-boot-starter-data-jpa-2.0.3.RELEASE.jar:/Users/jagabandhu.das/Desktop/MyDriveData/WorkArea/Maven/repository/org/springframework/boot/spring-boot-starter/2.0.3.RELEASE/spring-boot-starter-2.0.3.RELEASE.jar:/Users/jagabandhu.das/Desktop/MyDriveData/WorkArea/Maven/repository/org/springframework/boot/spring-boot/2.0.3.RELEASE/spring-boot-2.0.3.RELEASE.jar:/Users/jagabandhu.das/Desktop/MyDriveData/WorkArea/Maven/repository/org/springframework/boot/spring-boot-autoconfigure/2.0.3.RELEASE/spring-boot-autoconfigure-2.0.3.RELEASE.jar:/Users/jagabandhu.das/Desktop/MyDriveData/WorkArea/Maven/repository/org/springframework/boot/spring-boot-starter-logging/2.0.3.RELEASE/spring-boot-starter-logging-2.0.3.RELEASE.jar:/Users/jagabandhu.das/Desktop/MyDriveData/WorkArea/Maven/repository/ch/qos/logback/logback-classic/1.2.3/logback-classic-1.2.3.jar:/Users/jagabandhu.das/Desktop/MyDriveData/WorkArea/Maven/repository/ch/qos/logback/logback-core/1.2.3/logback-core-1.2.3.jar:/Users/jagabandhu.das/Desktop/MyDriveData/WorkArea/Maven/repository/org/apache/logging/log4j/log4j-to-slf4j/2.10.0/log4j-to-slf4j-2.10.0.jar:/Users/jagabandhu.das/Desktop/MyDriveData/WorkArea/Maven/repository/org/apache/logging/log4j/log4j-api/2.10.0/log4j-api-2.10.0.jar:/Users/jagabandhu.das/Desktop/MyDriveData/WorkArea/Maven/repository/org/slf4j/jul-to-slf4j/1.7.25/jul-to-slf4j-1.7.25.jar:/Users/jagabandhu.das/Desktop/MyDriveData/WorkArea/Maven/repository/javax/annotation/javax.annotation-api/1.3.2/javax.annotation-api-1.3.2.jar:/Users/jagabandhu.das/Desktop/MyDriveData/WorkArea/Maven/repository/org/yaml/snakeyaml/1.19/snakeyaml-1.19.jar:/Users/jagabandhu.das/Desktop/MyDriveData/WorkArea/Maven/repository/org/springframework/boot/spring-boot-starter-aop/2.0.3.RELEASE/spring-boot-starter-aop-2.0.3.RELEASE.jar:/Users/jagabandhu.das/Desktop/MyDriveData/WorkArea/Maven/repository/org/aspectj/aspectjweaver/1.8.13/aspectjweaver-1.8.13.jar:/Users/jagabandhu.das/Desktop/MyDriveData/WorkArea/Maven/repository/org/springframework/boot/spring-boot-starter-jdbc/2.0.3.RELEASE/spring-boot-starter-jdbc-2.0.3.RELEASE.jar:/Users/jagabandhu.das/Desktop/MyDriveData/WorkArea/Maven/repository/com/zaxxer/HikariCP/2.7.9/HikariCP-2.7.9.jar:/Users/jagabandhu.das/Desktop/MyDriveData/WorkArea/Maven/repository/org/springframework/spring-jdbc/5.0.7.RELEASE/spring-jdbc-5.0.7.RELEASE.jar:/Users/jagabandhu.das/Desktop/MyDriveData/WorkArea/Maven/repository/org/hibernate/hibernate-core/5.2.17.Final/hibernate-core-5.2.17.Final.jar:/Users/jagabandhu.das/Desktop/MyDriveData/WorkArea/Maven/repository/org/jboss/logging/jboss-logging/3.3.2.Final/jboss-logging-3.3.2.Final.jar:/Users/jagabandhu.das/Desktop/MyDriveData/WorkArea/Maven/repository/org/hibernate/javax/persistence/hibernate-jpa-2.1-api/1.0.2.Final/hibernate-jpa-2.1-api-1.0.2.Final.jar:/Users/jagabandhu.das/Desktop/MyDriveData/WorkArea/Maven/repository/org/javassist/javassist/3.22.0-GA/javassist-3.22.0-GA.jar:/Users/jagabandhu.das/Desktop/MyDriveData/WorkArea/Maven/repository/antlr/antlr/2.7.7/antlr-2.7.7.jar:/Users/jagabandhu.das/Desktop/MyDriveData/WorkArea/Maven/repository/org/jboss/jandex/2.0.3.Final/jandex-2.0.3.Final.jar:/Users/jagabandhu.das/Desktop/MyDriveData/WorkArea/Maven/repository/com/fasterxml/classmate/1.3.4/classmate-1.3.4.jar:/Users/jagabandhu.das/Desktop/MyDriveData/WorkArea/Maven/repository/dom4j/dom4j/1.6.1/dom4j-1.6.1.jar:/Users/jagabandhu.das/Desktop/MyDriveData/WorkArea/Maven/repository/org/hibernate/common/hibernate-commons-annotations/5.0.1.Final/hibernate-commons-annotations-5.0.1.Final.jar:/Users/jagabandhu.das/Desktop/MyDriveData/WorkArea/Maven/repository/javax/transaction/javax.transaction-api/1.2/javax.transaction-api-1.2.jar:/Users/jagabandhu.das/Desktop/MyDriveData/WorkArea/Maven/repository/org/springframework/data/spring-data-jpa/2.0.8.RELEASE/spring-data-jpa-2.0.8.RELEASE.jar:/Users/jagabandhu.das/Desktop/MyDriveData/WorkArea/Maven/repository/org/springframework/data/spring-data-commons/2.0.8.RELEASE/spring-data-commons-2.0.8.RELEASE.jar:/Users/jagabandhu.das/Desktop/MyDriveData/WorkArea/Maven/repository/org/springframework/spring-orm/5.0.7.RELEASE/spring-orm-5.0.7.RELEASE.jar:/Users/jagabandhu.das/Desktop/MyDriveData/WorkArea/Maven/repository/org/springframework/spring-tx/5.0.7.RELEASE/spring-tx-5.0.7.RELEASE.jar:/Users/jagabandhu.das/Desktop/MyDriveData/WorkArea/Maven/repository/org/slf4j/slf4j-api/1.7.25/slf4j-api-1.7.25.jar:/Users/jagabandhu.das/Desktop/MyDriveData/WorkArea/Maven/repository/org/springframework/spring-aspects/5.0.7.RELEASE/spring-aspects-5.0.7.RELEASE.jar:/Users/jagabandhu.das/Desktop/MyDriveData/WorkArea/Maven/repository/org/springframework/boot/spring-boot-starter-security/2.0.3.RELEASE/spring-boot-starter-security-2.0.3.RELEASE.jar:/Users/jagabandhu.das/Desktop/MyDriveData/WorkArea/Maven/repository/org/springframework/spring-aop/5.0.7.RELEASE/spring-aop-5.0.7.RELEASE.jar:/Users/jagabandhu.das/Desktop/MyDriveData/WorkArea/Maven/repository/org/springframework/security/spring-security-config/5.0.6.RELEASE/spring-security-config-5.0.6.RELEASE.jar:/Users/jagabandhu.das/Desktop/MyDriveData/WorkArea/Maven/repository/org/springframework/security/spring-security-web/5.0.6.RELEASE/spring-security-web-5.0.6.RELEASE.jar:/Users/jagabandhu.das/Desktop/MyDriveData/WorkArea/Maven/repository/org/springframework/spring-expression/5.0.7.RELEASE/spring-expression-5.0.7.RELEASE.jar:/Users/jagabandhu.das/Desktop/MyDriveData/WorkArea/Maven/repository/org/springframework/boot/spring-boot-starter-web/2.0.3.RELEASE/spring-boot-starter-web-2.0.3.RELEASE.jar:/Users/jagabandhu.das/Desktop/MyDriveData/WorkArea/Maven/repository/org/springframework/boot/spring-boot-starter-json/2.0.3.RELEASE/spring-boot-starter-json-2.0.3.RELEASE.jar:/Users/jagabandhu.das/Desktop/MyDriveData/WorkArea/Maven/repository/com/fasterxml/jackson/core/jackson-databind/2.9.6/jackson-databind-2.9.6.jar:/Users/jagabandhu.das/Desktop/MyDriveData/WorkArea/Maven/repository/com/fasterxml/jackson/core/jackson-core/2.9.6/jackson-core-2.9.6.jar:/Users/jagabandhu.das/Desktop/MyDriveData/WorkArea/Maven/repository/com/fasterxml/jackson/datatype/jackson-datatype-jdk8/2.9.6/jackson-datatype-jdk8-2.9.6.jar:/Users/jagabandhu.das/Desktop/MyDriveData/WorkArea/Maven/repository/com/fasterxml/jackson/datatype/jackson-datatype-jsr310/2.9.6/jackson-datatype-jsr310-2.9.6.jar:/Users/jagabandhu.das/Desktop/MyDriveData/WorkArea/Maven/repository/com/fasterxml/jackson/module/jackson-module-parameter-names/2.9.6/jackson-module-parameter-names-2.9.6.jar:/Users/jagabandhu.das/Desktop/MyDriveData/WorkArea/Maven/repository/org/springframework/boot/spring-boot-starter-tomcat/2.0.3.RELEASE/spring-boot-starter-tomcat-2.0.3.RELEASE.jar:/Users/jagabandhu.das/Desktop/MyDriveData/WorkArea/Maven/repository/org/apache/tomcat/embed/tomcat-embed-core/8.5.31/tomcat-embed-core-8.5.31.jar:/Users/jagabandhu.das/Desktop/MyDriveData/WorkArea/Maven/repository/org/apache/tomcat/embed/tomcat-embed-el/8.5.31/tomcat-embed-el-8.5.31.jar:/Users/jagabandhu.das/Desktop/MyDriveData/WorkArea/Maven/repository/org/apache/tomcat/embed/tomcat-embed-websocket/8.5.31/tomcat-embed-websocket-8.5.31.jar:/Users/jagabandhu.das/Desktop/MyDriveData/WorkArea/Maven/repository/org/hibernate/validator/hibernate-validator/6.0.10.Final/hibernate-validator-6.0.10.Final.jar:/Users/jagabandhu.das/Desktop/MyDriveData/WorkArea/Maven/repository/javax/validation/validation-api/2.0.1.Final/validation-api-2.0.1.Final.jar:/Users/jagabandhu.das/Desktop/MyDriveData/WorkArea/Maven/repository/org/springframework/spring-web/5.0.7.RELEASE/spring-web-5.0.7.RELEASE.jar:/Users/jagabandhu.das/Desktop/MyDriveData/WorkArea/Maven/repository/org/springframework/spring-webmvc/5.0.7.RELEASE/spring-webmvc-5.0.7.RELEASE.jar:/Users/jagabandhu.das/Desktop/MyDriveData/WorkArea/Maven/repository/mysql/mysql-connector-java/5.1.46/mysql-connector-java-5.1.46.jar:/Users/jagabandhu.das/Desktop/MyDriveData/WorkArea/Maven/repository/org/springframework/boot/spring-boot-starter-test/2.0.3.RELEASE/spring-boot-starter-test-2.0.3.RELEASE.jar:/Users/jagabandhu.das/Desktop/MyDriveData/WorkArea/Maven/repository/org/springframework/boot/spring-boot-test/2.0.3.RELEASE/spring-boot-test-2.0.3.RELEASE.jar:/Users/jagabandhu.das/Desktop/MyDriveData/WorkArea/Maven/repository/org/springframework/boot/spring-boot-test-autoconfigure/2.0.3.RELEASE/spring-boot-test-autoconfigure-2.0.3.RELEASE.jar:/Users/jagabandhu.das/Desktop/MyDriveData/WorkArea/Maven/repository/com/jayway/jsonpath/json-path/2.4.0/json-path-2.4.0.jar:/Users/jagabandhu.das/Desktop/MyDriveData/WorkArea/Maven/repository/net/minidev/json-smart/2.3/json-smart-2.3.jar:/Users/jagabandhu.das/Desktop/MyDriveData/WorkArea/Maven/repository/net/minidev/accessors-smart/1.2/accessors-smart-1.2.jar:/Users/jagabandhu.das/Desktop/MyDriveData/WorkArea/Maven/repository/org/ow2/asm/asm/5.0.4/asm-5.0.4.jar:/Users/jagabandhu.das/Desktop/MyDriveData/WorkArea/Maven/repository/junit/junit/4.12/junit-4.12.jar:/Users/jagabandhu.das/Desktop/MyDriveData/WorkArea/Maven/repository/org/assertj/assertj-core/3.9.1/assertj-core-3.9.1.jar:/Users/jagabandhu.das/Desktop/MyDriveData/WorkArea/Maven/repository/org/mockito/mockito-core/2.15.0/mockito-core-2.15.0.jar:/Users/jagabandhu.das/Desktop/MyDriveData/WorkArea/Maven/repository/net/bytebuddy/byte-buddy/1.7.11/byte-buddy-1.7.11.jar:/Users/jagabandhu.das/Desktop/MyDriveData/WorkArea/Maven/repository/net/bytebuddy/byte-buddy-agent/1.7.11/byte-buddy-agent-1.7.11.jar:/Users/jagabandhu.das/Desktop/MyDriveData/WorkArea/Maven/repository/org/objenesis/objenesis/2.6/objenesis-2.6.jar:/Users/jagabandhu.das/Desktop/MyDriveData/WorkArea/Maven/repository/org/hamcrest/hamcrest-core/1.3/hamcrest-core-1.3.jar:/Users/jagabandhu.das/Desktop/MyDriveData/WorkArea/Maven/repository/org/hamcrest/hamcrest-library/1.3/hamcrest-library-1.3.jar:/Users/jagabandhu.das/Desktop/MyDriveData/WorkArea/Maven/repository/org/skyscreamer/jsonassert/1.5.0/jsonassert-1.5.0.jar:/Users/jagabandhu.das/Desktop/MyDriveData/WorkArea/Maven/repository/com/vaadin/external/google/android-json/0.0.20131108.vaadin1/android-json-0.0.20131108.vaadin1.jar:/Users/jagabandhu.das/Desktop/MyDriveData/WorkArea/Maven/repository/org/springframework/spring-core/5.0.7.RELEASE/spring-core-5.0.7.RELEASE.jar:/Users/jagabandhu.das/Desktop/MyDriveData/WorkArea/Maven/repository/org/springframework/spring-jcl/5.0.7.RELEASE/spring-jcl-5.0.7.RELEASE.jar:/Users/jagabandhu.das/Desktop/MyDriveData/WorkArea/Maven/repository/org/springframework/spring-test/5.0.7.RELEASE/spring-test-5.0.7.RELEASE.jar:/Users/jagabandhu.das/Desktop/MyDriveData/WorkArea/Maven/repository/org/xmlunit/xmlunit-core/2.5.1/xmlunit-core-2.5.1.jar:/Users/jagabandhu.das/Desktop/MyDriveData/WorkArea/Maven/repository/org/springframework/security/spring-security-test/5.0.6.RELEASE/spring-security-test-5.0.6.RELEASE.jar:/Users/jagabandhu.das/Desktop/MyDriveData/WorkArea/Maven/repository/org/springframework/security/spring-security-core/5.0.6.RELEASE/spring-security-core-5.0.6.RELEASE.jar:/Users/jagabandhu.das/Desktop/MyDriveData/WorkArea/Maven/repository/com/fasterxml/jackson/core/jackson-annotations/2.9.4/jackson-annotations-2.9.4.jar:/Users/jagabandhu.das/Desktop/MyDriveData/WorkArea/Maven/repository/org/springframework/security/oauth/spring-security-oauth2/2.3.2.RELEASE/spring-security-oauth2-2.3.2.RELEASE.jar:/Users/jagabandhu.das/Desktop/MyDriveData/WorkArea/Maven/repository/org/springframework/spring-beans/5.0.7.RELEASE/spring-beans-5.0.7.RELEASE.jar:/Users/jagabandhu.das/Desktop/MyDriveData/WorkArea/Maven/repository/org/springframework/spring-context/5.0.7.RELEASE/spring-context-5.0.7.RELEASE.jar:/Users/jagabandhu.das/Desktop/MyDriveData/WorkArea/Maven/repository/commons-codec/commons-codec/1.11/commons-codec-1.11.jar:/Users/jagabandhu.das/Desktop/MyDriveData/WorkArea/Maven/repository/org/codehaus/jackson/jackson-mapper-asl/1.9.13/jackson-mapper-asl-1.9.13.jar:/Users/jagabandhu.das/Desktop/MyDriveData/WorkArea/Maven/repository/org/codehaus/jackson/jackson-core-asl/1.9.13/jackson-core-asl-1.9.13.jar:, user.name=jagabandhu.das, java.vm.specification.version=1.8, sun.java.command=/Users/jagabandhu.das/Desktop/MyDriveData/WorkArea/STSWorkspace/SpringBootSecurity/target/surefire/surefirebooter6681242271421511241.jar /Users/jagabandhu.das/Desktop/MyDriveData/WorkArea/STSWorkspace/SpringBootSecurity/target/surefire 2018-08-07T11-27-52_118-jvmRun1 surefire1815313427362540059tmp surefire_07272285030559761665tmp, java.home=/Library/Java/JavaVirtualMachines/jdk1.8.0_171.jdk/Contents/Home/jre, sun.arch.data.model=64, user.language=en, java.specification.vendor=Oracle Corporation, awt.toolkit=sun.lwawt.macosx.LWCToolkit, java.vm.info=mixed mode, java.version=1.8.0_171, java.ext.dirs=/Users/jagabandhu.das/Library/Java/Extensions:/Library/Java/JavaVirtualMachines/jdk1.8.0_171.jdk/Contents/Home/jre/lib/ext:/Library/Java/Extensions:/Network/Library/Java/Extensions:/System/Library/Java/Extensions:/usr/lib/java, sun.boot.class.path=/Library/Java/JavaVirtualMachines/jdk1.8.0_171.jdk/Contents/Home/jre/lib/resources.jar:/Library/Java/JavaVirtualMachines/jdk1.8.0_171.jdk/Contents/Home/jre/lib/rt.jar:/Library/Java/JavaVirtualMachines/jdk1.8.0_171.jdk/Contents/Home/jre/lib/sunrsasign.jar:/Library/Java/JavaVirtualMachines/jdk1.8.0_171.jdk/Contents/Home/jre/lib/jsse.jar:/Library/Java/JavaVirtualMachines/jdk1.8.0_171.jdk/Contents/Home/jre/lib/jce.jar:/Library/Java/JavaVirtualMachines/jdk1.8.0_171.jdk/Contents/Home/jre/lib/charsets.jar:/Library/Java/JavaVirtualMachines/jdk1.8.0_171.jdk/Contents/Home/jre/lib/jfr.jar:/Library/Java/JavaVirtualMachines/jdk1.8.0_171.jdk/Contents/Home/jre/classes, java.vendor=Oracle Corporation, localRepository=/Users/jagabandhu.das/Desktop/MyDriveData/WorkArea/Maven/repository, file.separator=/, java.vendor.url.bug=http://bugreport.sun.com/bugreport/, sun.io.unicode.encoding=UnicodeBig, sun.cpu.endian=little, sun.cpu.isalist=}}, SystemEnvironmentPropertySource@494586676 {name='systemEnvironment', properties={PATH=/Library/Frameworks/Python.framework/Versions/3.7/bin:/Users/jagabandhu.das/Desktop/MyDriveData/WorkArea/Python-AnacondaIDE/anaconda3/bin:/Library/Frameworks/Python.framework/Versions/3.7/bin:/usr/local/bin:/usr/bin:/bin:/usr/sbin:/sbin:/Users/jagabandhu.das/Desktop/MyDriveData/WorkArea/Maven/apache-maven-3.5.4/bin, JAVA_MAIN_CLASS_5063=org.apache.maven.surefire.booter.ForkedBooter, RUN_DISPLAY_URL=http://localhost:8700/job/1.Build_Java_Project/2/display/redirect, HUDSON_HOME=/Users/jagabandhu.das/.jenkins, RUN_CHANGES_DISPLAY_URL=http://localhost:8700/job/1.Build_Java_Project/2/display/redirect?page=changes, JOB_URL=http://localhost:8700/job/1.Build_Java_Project/, HUDSON_COOKIE=978ccfa1-7db2-43cf-bf6f-d15c29002e45, MAVEN_HOME=/Users/jagabandhu.das/Desktop/MyDriveData/WorkArea/Maven/apache-maven-3.5.4, JENKINS_SERVER_COOKIE=71b3b4616cb6484a, LOGNAME=jagabandhu.das, JAVA_MAIN_CLASS_4851=org.codehaus.plexus.classworlds.launcher.Launcher, PWD=/Users/jagabandhu.das/Desktop/MyDriveData/WorkArea/STSWorkspace/SpringBootSecurity, TERM_PROGRAM_VERSION=404, JENKINS_URL=http://localhost:8700/, BUILD_TAG=jenkins-1.Build_Java_Project-2, SHELL=/bin/bash, OLDPWD=/Users/jagabandhu.das/Desktop/MyDriveData/WorkArea/STSWorkspace/SpringBootSecurity, JENKINS_HOME=/Users/jagabandhu.das/.jenkins, TMPDIR=/var/folders/4m/lsy7dr2n3t7b0pkxhl5__4p8kkg7rx/T/, NODE_NAME=master, XPC_FLAGS=0x0, BUILD_DISPLAY_NAME=#2, TERM_SESSION_ID=BD938E97-7232-43D3-A03A-FC44AB99E343, JOB_DISPLAY_URL=http://localhost:8700/job/1.Build_Java_Project/display/redirect, __CF_USER_TEXT_ENCODING=0x25279F1D:0x0:0x0, Apple_PubSub_Socket_Render=/private/tmp/com.apple.launchd.Z8aUVWgxaW/Render, LC_CTYPE=UTF-8, SHLVL=3, JAVA_ARCH=x86_64, TERM=xterm-256color, BUILD_ID=2, JOB_NAME=1.Build_Java_Project, NODE_LABELS=master, JAVA_MAIN_CLASS_3708=Main, HUDSON_URL=http://localhost:8700/, WORKSPACE=/Users/jagabandhu.das/.jenkins/workspace/1.Build_Java_Project, XPC_SERVICE_NAME=0, MAVEN_CMD_LINE_ARGS= -N install, _=/Library/Java/JavaVirtualMachines/jdk1.8.0_171.jdk/Contents/Home/jre/bin/java, TERM_PROGRAM=Apple_Terminal, EXECUTOR_NUMBER=0, HUDSON_SERVER_COOKIE=71b3b4616cb6484a, MAVEN_PROJECTBASEDIR=/Users/jagabandhu.das/Desktop/MyDriveData/WorkArea/STSWorkspace/SpringBootSecurity, JOB_BASE_NAME=1.Build_Java_Project, USER=jagabandhu.das, SSH_AUTH_SOCK=/private/tmp/com.apple.launchd.sj4Cl3EeiX/Listeners, BUILD_NUMBER=2, BUILD_URL=http://localhost:8700/job/1.Build_Java_Project/2/, com.apple.java.jvmTask=CommandLine, HOME=/Users/jagabandhu.das}}]
11:27:55.240 [main] DEBUG org.springframework.core.io.support.PathMatchingResourcePatternResolver - Resolved classpath location [com/example/demo/] to resources [URL [file:/Users/jagabandhu.das/Desktop/MyDriveData/WorkArea/STSWorkspace/SpringBootSecurity/target/test-classes/com/example/demo/]]
11:27:55.241 [main] DEBUG org.springframework.core.io.support.PathMatchingResourcePatternResolver - Looking for matching resources in directory tree [/Users/jagabandhu.das/Desktop/MyDriveData/WorkArea/STSWorkspace/SpringBootSecurity/target/test-classes/com/example/demo]
11:27:55.241 [main] DEBUG org.springframework.core.io.support.PathMatchingResourcePatternResolver - Searching directory [/Users/jagabandhu.das/Desktop/MyDriveData/WorkArea/STSWorkspace/SpringBootSecurity/target/test-classes/com/example/demo] for files matching pattern [/Users/jagabandhu.das/Desktop/MyDriveData/WorkArea/STSWorkspace/SpringBootSecurity/target/test-classes/com/example/demo/*.class]
11:27:55.246 [main] DEBUG org.springframework.core.io.support.PathMatchingResourcePatternResolver - Resolved location pattern [classpath*:com/example/demo/*.class] to resources [file [/Users/jagabandhu.das/Desktop/MyDriveData/WorkArea/STSWorkspace/SpringBootSecurity/target/test-classes/com/example/demo/SpringBootSecurityApplicationTests.class]]
11:27:55.291 [main] DEBUG org.springframework.core.io.support.PathMatchingResourcePatternResolver - Resolved classpath location [com/example/] to resources [URL [file:/Users/jagabandhu.das/Desktop/MyDriveData/WorkArea/STSWorkspace/SpringBootSecurity/target/test-classes/com/example/]]
11:27:55.291 [main] DEBUG org.springframework.core.io.support.PathMatchingResourcePatternResolver - Looking for matching resources in directory tree [/Users/jagabandhu.das/Desktop/MyDriveData/WorkArea/STSWorkspace/SpringBootSecurity/target/test-classes/com/example]
11:27:55.291 [main] DEBUG org.springframework.core.io.support.PathMatchingResourcePatternResolver - Searching directory [/Users/jagabandhu.das/Desktop/MyDriveData/WorkArea/STSWorkspace/SpringBootSecurity/target/test-classes/com/example] for files matching pattern [/Users/jagabandhu.das/Desktop/MyDriveData/WorkArea/STSWorkspace/SpringBootSecurity/target/test-classes/com/example/*.class]
11:27:55.291 [main] DEBUG org.springframework.core.io.support.PathMatchingResourcePatternResolver - Resolved location pattern [classpath*:com/example/*.class] to resources []
11:27:55.292 [main] DEBUG org.springframework.core.io.support.PathMatchingResourcePatternResolver - Resolved classpath location [com/] to resources [URL [jar:file:/System/Library/Java/Extensions/MRJToolkit.jar!/com/], URL [file:/Users/jagabandhu.das/Desktop/MyDriveData/WorkArea/STSWorkspace/SpringBootSecurity/target/test-classes/com/], URL [file:/Users/jagabandhu.das/Desktop/MyDriveData/WorkArea/STSWorkspace/SpringBootSecurity/target/classes/com/], URL [jar:file:/Users/jagabandhu.das/Desktop/MyDriveData/WorkArea/Maven/repository/com/zaxxer/HikariCP/2.7.9/HikariCP-2.7.9.jar!/com/], URL [jar:file:/Users/jagabandhu.das/Desktop/MyDriveData/WorkArea/Maven/repository/com/fasterxml/classmate/1.3.4/classmate-1.3.4.jar!/com/], URL [jar:file:/Users/jagabandhu.das/Desktop/MyDriveData/WorkArea/Maven/repository/com/fasterxml/jackson/core/jackson-databind/2.9.6/jackson-databind-2.9.6.jar!/com/], URL [jar:file:/Users/jagabandhu.das/Desktop/MyDriveData/WorkArea/Maven/repository/com/fasterxml/jackson/core/jackson-core/2.9.6/jackson-core-2.9.6.jar!/com/], URL [jar:file:/Users/jagabandhu.das/Desktop/MyDriveData/WorkArea/Maven/repository/com/fasterxml/jackson/datatype/jackson-datatype-jdk8/2.9.6/jackson-datatype-jdk8-2.9.6.jar!/com/], URL [jar:file:/Users/jagabandhu.das/Desktop/MyDriveData/WorkArea/Maven/repository/com/fasterxml/jackson/datatype/jackson-datatype-jsr310/2.9.6/jackson-datatype-jsr310-2.9.6.jar!/com/], URL [jar:file:/Users/jagabandhu.das/Desktop/MyDriveData/WorkArea/Maven/repository/com/fasterxml/jackson/module/jackson-module-parameter-names/2.9.6/jackson-module-parameter-names-2.9.6.jar!/com/], URL [jar:file:/Users/jagabandhu.das/Desktop/MyDriveData/WorkArea/Maven/repository/mysql/mysql-connector-java/5.1.46/mysql-connector-java-5.1.46.jar!/com/], URL [jar:file:/Users/jagabandhu.das/Desktop/MyDriveData/WorkArea/Maven/repository/com/jayway/jsonpath/json-path/2.4.0/json-path-2.4.0.jar!/com/], URL [jar:file:/Users/jagabandhu.das/Desktop/MyDriveData/WorkArea/Maven/repository/com/fasterxml/jackson/core/jackson-annotations/2.9.4/jackson-annotations-2.9.4.jar!/com/]]
11:27:55.293 [main] DEBUG org.springframework.core.io.support.PathMatchingResourcePatternResolver - Looking for matching resources in jar file [file:/System/Library/Java/Extensions/MRJToolkit.jar]
11:27:55.294 [main] DEBUG org.springframework.core.io.support.PathMatchingResourcePatternResolver - Looking for matching resources in directory tree [/Users/jagabandhu.das/Desktop/MyDriveData/WorkArea/STSWorkspace/SpringBootSecurity/target/test-classes/com]
11:27:55.294 [main] DEBUG org.springframework.core.io.support.PathMatchingResourcePatternResolver - Searching directory [/Users/jagabandhu.das/Desktop/MyDriveData/WorkArea/STSWorkspace/SpringBootSecurity/target/test-classes/com] for files matching pattern [/Users/jagabandhu.das/Desktop/MyDriveData/WorkArea/STSWorkspace/SpringBootSecurity/target/test-classes/com/*.class]
11:27:55.294 [main] DEBUG org.springframework.core.io.support.PathMatchingResourcePatternResolver - Looking for matching resources in directory tree [/Users/jagabandhu.das/Desktop/MyDriveData/WorkArea/STSWorkspace/SpringBootSecurity/target/classes/com]
11:27:55.294 [main] DEBUG org.springframework.core.io.support.PathMatchingResourcePatternResolver - Searching directory [/Users/jagabandhu.das/Desktop/MyDriveData/WorkArea/STSWorkspace/SpringBootSecurity/target/classes/com] for files matching pattern [/Users/jagabandhu.das/Desktop/MyDriveData/WorkArea/STSWorkspace/SpringBootSecurity/target/classes/com/*.class]
11:27:55.295 [main] DEBUG org.springframework.core.io.support.PathMatchingResourcePatternResolver - Looking for matching resources in jar file [file:/Users/jagabandhu.das/Desktop/MyDriveData/WorkArea/Maven/repository/com/zaxxer/HikariCP/2.7.9/HikariCP-2.7.9.jar]
11:27:55.297 [main] DEBUG org.springframework.core.io.support.PathMatchingResourcePatternResolver - Looking for matching resources in jar file [file:/Users/jagabandhu.das/Desktop/MyDriveData/WorkArea/Maven/repository/com/fasterxml/classmate/1.3.4/classmate-1.3.4.jar]
11:27:55.298 [main] DEBUG org.springframework.core.io.support.PathMatchingResourcePatternResolver - Looking for matching resources in jar file [file:/Users/jagabandhu.das/Desktop/MyDriveData/WorkArea/Maven/repository/com/fasterxml/jackson/core/jackson-databind/2.9.6/jackson-databind-2.9.6.jar]
11:27:55.312 [main] DEBUG org.springframework.core.io.support.PathMatchingResourcePatternResolver - Looking for matching resources in jar file [file:/Users/jagabandhu.das/Desktop/MyDriveData/WorkArea/Maven/repository/com/fasterxml/jackson/core/jackson-core/2.9.6/jackson-core-2.9.6.jar]
11:27:55.313 [main] DEBUG org.springframework.core.io.support.PathMatchingResourcePatternResolver - Looking for matching resources in jar file [file:/Users/jagabandhu.das/Desktop/MyDriveData/WorkArea/Maven/repository/com/fasterxml/jackson/datatype/jackson-datatype-jdk8/2.9.6/jackson-datatype-jdk8-2.9.6.jar]
11:27:55.314 [main] DEBUG org.springframework.core.io.support.PathMatchingResourcePatternResolver - Looking for matching resources in jar file [file:/Users/jagabandhu.das/Desktop/MyDriveData/WorkArea/Maven/repository/com/fasterxml/jackson/datatype/jackson-datatype-jsr310/2.9.6/jackson-datatype-jsr310-2.9.6.jar]
11:27:55.315 [main] DEBUG org.springframework.core.io.support.PathMatchingResourcePatternResolver - Looking for matching resources in jar file [file:/Users/jagabandhu.das/Desktop/MyDriveData/WorkArea/Maven/repository/com/fasterxml/jackson/module/jackson-module-parameter-names/2.9.6/jackson-module-parameter-names-2.9.6.jar]
11:27:55.315 [main] DEBUG org.springframework.core.io.support.PathMatchingResourcePatternResolver - Looking for matching resources in jar file [file:/Users/jagabandhu.das/Desktop/MyDriveData/WorkArea/Maven/repository/mysql/mysql-connector-java/5.1.46/mysql-connector-java-5.1.46.jar]
11:27:55.318 [main] DEBUG org.springframework.core.io.support.PathMatchingResourcePatternResolver - Looking for matching resources in jar file [file:/Users/jagabandhu.das/Desktop/MyDriveData/WorkArea/Maven/repository/com/jayway/jsonpath/json-path/2.4.0/json-path-2.4.0.jar]
11:27:55.320 [main] DEBUG org.springframework.core.io.support.PathMatchingResourcePatternResolver - Looking for matching resources in jar file [file:/Users/jagabandhu.das/Desktop/MyDriveData/WorkArea/Maven/repository/com/fasterxml/jackson/core/jackson-annotations/2.9.4/jackson-annotations-2.9.4.jar]
11:27:55.320 [main] DEBUG org.springframework.core.io.support.PathMatchingResourcePatternResolver - Resolved location pattern [classpath*:com/*.class] to resources []
]]></system-out>
  </testcase>
</testsuite>